# JRE version: Java(TM) SE Runtime Environment (18.0.1+10) (build 18.0.1+10-24)
# Java VM: Java HotSpot(TM) 64-Bit Server VM (18.0.1+10-24, mixed mode, sharing, tiered, compressed oops, compressed class ptrs, g1 gc, windows-amd64)
GC Precious Log:
 CardTable entry size: 512
 Card Set container configuration: InlinePtr #cards 4 size 8 Array Of Cards #cards 16 size 48 Howl #buckets 8 coarsen threshold 3686 Howl Bitmap #cards 512 size 80 coarsen threshold 460 Card regions per heap region 1 cards per card region 4096
 CPUs: 4 total, 4 available
 Memory: 12243M
 Large Page Support: Disabled
 NUMA Support: Disabled
 Compressed Oops: Enabled (Zero based)
 Heap Region Size: 2M
 Heap Min Capacity: 8M
 Heap Initial Capacity: 192M
 Heap Max Capacity: 3062M
 Pre-touch: Disabled
 Parallel Workers: 4
 Concurrent Workers: 1
 Concurrent Refinement Workers: 4
 Periodic GC: Disabled
Heap:
 garbage-first heap   total 157696K, used 108985K [0x0000000740a00000, 0x0000000800000000)
  region size 2048K, 32 young (65536K), 1 survivors (2048K)
 Metaspace       used 82612K, committed 83520K, reserved 1179648K
  class space    used 10897K, committed 11328K, reserved 1048576K
GC Heap History (20 events):
Event: 36.342 GC heap before
{Heap before GC invocations=23 (full 0):
 garbage-first heap   total 92160K, used 69264K [0x0000000740a00000, 0x0000000800000000)
  region size 2048K, 18 young (36864K), 3 survivors (6144K)
 Metaspace       used 79162K, committed 80000K, reserved 1179648K
  class space    used 10704K, committed 11136K, reserved 1048576K
}
Event: 36.349 GC heap after
{Heap after GC invocations=24 (full 0):
 garbage-first heap   total 92160K, used 42927K [0x0000000740a00000, 0x0000000800000000)
  region size 2048K, 3 young (6144K), 3 survivors (6144K)
 Metaspace       used 79162K, committed 80000K, reserved 1179648K
  class space    used 10704K, committed 11136K, reserved 1048576K
}
Event: 357.505 GC heap before
{Heap before GC invocations=24 (full 0):
 garbage-first heap   total 92160K, used 65455K [0x0000000740a00000, 0x0000000800000000)
  region size 2048K, 15 young (30720K), 3 survivors (6144K)
 Metaspace       used 79547K, committed 80384K, reserved 1179648K
  class space    used 10729K, committed 11136K, reserved 1048576K
}
Event: 357.563 GC heap after
{Heap after GC invocations=25 (full 1):
 garbage-first heap   total 92160K, used 33995K [0x0000000740a00000, 0x0000000800000000)
  region size 2048K, 0 young (0K), 0 survivors (0K)
 Metaspace       used 79547K, committed 80384K, reserved 1179648K
  class space    used 10729K, committed 11136K, reserved 1048576K
}
Event: 358.164 GC heap before
{Heap before GC invocations=25 (full 1):
 garbage-first heap   total 92160K, used 70859K [0x0000000740a00000, 0x0000000800000000)
  region size 2048K, 18 young (36864K), 0 survivors (0K)
 Metaspace       used 79886K, committed 80704K, reserved 1179648K
  class space    used 10752K, committed 11136K, reserved 1048576K
}
Event: 358.168 GC heap after
{Heap after GC invocations=26 (full 1):
 garbage-first heap   total 92160K, used 37492K [0x0000000740a00000, 0x0000000800000000)
  region size 2048K, 2 young (4096K), 2 survivors (4096K)
 Metaspace       used 79886K, committed 80704K, reserved 1179648K
  class space    used 10752K, committed 11136K, reserved 1048576K
}
Event: 358.594 GC heap before
{Heap before GC invocations=26 (full 1):
 garbage-first heap   total 92160K, used 70260K [0x0000000740a00000, 0x0000000800000000)
  region size 2048K, 18 young (36864K), 2 survivors (4096K)
 Metaspace       used 80144K, committed 80960K, reserved 1179648K
  class space    used 10761K, committed 11136K, reserved 1048576K
}
Event: 358.599 GC heap after
{Heap after GC invocations=27 (full 1):
 garbage-first heap   total 92160K, used 39661K [0x0000000740a00000, 0x0000000800000000)
  region size 2048K, 2 young (4096K), 2 survivors (4096K)
 Metaspace       used 80144K, committed 80960K, reserved 1179648K
  class space    used 10761K, committed 11136K, reserved 1048576K
}
Event: 360.623 GC heap before
{Heap before GC invocations=27 (full 1):
 garbage-first heap   total 92160K, used 68333K [0x0000000740a00000, 0x0000000800000000)
  region size 2048K, 16 young (32768K), 2 survivors (4096K)
 Metaspace       used 80882K, committed 81792K, reserved 1179648K
  class space    used 10815K, committed 11264K, reserved 1048576K
}
Event: 360.627 GC heap after
{Heap after GC invocations=28 (full 1):
 garbage-first heap   total 92160K, used 40081K [0x0000000740a00000, 0x0000000800000000)
  region size 2048K, 1 young (2048K), 1 survivors (2048K)
 Metaspace       used 80882K, committed 81792K, reserved 1179648K
  class space    used 10815K, committed 11264K, reserved 1048576K
}
Event: 361.500 GC heap before
{Heap before GC invocations=28 (full 1):
 garbage-first heap   total 92160K, used 68753K [0x0000000740a00000, 0x0000000800000000)
  region size 2048K, 15 young (30720K), 1 survivors (2048K)
 Metaspace       used 81023K, committed 81984K, reserved 1179648K
  class space    used 10830K, committed 11264K, reserved 1048576K
}
Event: 361.505 GC heap after
{Heap after GC invocations=29 (full 1):
 garbage-first heap   total 92160K, used 42495K [0x0000000740a00000, 0x0000000800000000)
  region size 2048K, 2 young (4096K), 2 survivors (4096K)
 Metaspace       used 81023K, committed 81984K, reserved 1179648K
  class space    used 10830K, committed 11264K, reserved 1048576K
}
Event: 361.985 GC heap before
{Heap before GC invocations=30 (full 1):
 garbage-first heap   total 92160K, used 69119K [0x0000000740a00000, 0x0000000800000000)
  region size 2048K, 15 young (30720K), 2 survivors (4096K)
 Metaspace       used 81281K, committed 82176K, reserved 1179648K
  class space    used 10844K, committed 11264K, reserved 1048576K
}
Event: 361.991 GC heap after
{Heap after GC invocations=31 (full 1):
 garbage-first heap   total 92160K, used 44075K [0x0000000740a00000, 0x0000000800000000)
  region size 2048K, 1 young (2048K), 1 survivors (2048K)
 Metaspace       used 81281K, committed 82176K, reserved 1179648K
  class space    used 10844K, committed 11264K, reserved 1048576K
}
Event: 362.336 GC heap before
{Heap before GC invocations=31 (full 1):
 garbage-first heap   total 92160K, used 72747K [0x0000000740a00000, 0x0000000800000000)
  region size 2048K, 15 young (30720K), 1 survivors (2048K)
 Metaspace       used 81753K, committed 82624K, reserved 1179648K
  class space    used 10860K, committed 11264K, reserved 1048576K
}
Event: 362.340 GC heap after
{Heap after GC invocations=32 (full 1):
 garbage-first heap   total 92160K, used 45703K [0x0000000740a00000, 0x0000000800000000)
  region size 2048K, 2 young (4096K), 2 survivors (4096K)
 Metaspace       used 81753K, committed 82624K, reserved 1179648K
  class space    used 10860K, committed 11264K, reserved 1048576K
}
Event: 362.469 GC heap before
{Heap before GC invocations=33 (full 1):
 garbage-first heap   total 112640K, used 72327K [0x0000000740a00000, 0x0000000800000000)
  region size 2048K, 15 young (30720K), 2 survivors (4096K)
 Metaspace       used 81942K, committed 82816K, reserved 1179648K
  class space    used 10868K, committed 11264K, reserved 1048576K
}
Event: 362.472 GC heap after
{Heap after GC invocations=34 (full 1):
 garbage-first heap   total 112640K, used 46474K [0x0000000740a00000, 0x0000000800000000)
  region size 2048K, 1 young (2048K), 1 survivors (2048K)
 Metaspace       used 81942K, committed 82816K, reserved 1179648K
  class space    used 10868K, committed 11264K, reserved 1048576K
}
Event: 362.707 GC heap before
{Heap before GC invocations=34 (full 1):
 garbage-first heap   total 112640K, used 87434K [0x0000000740a00000, 0x0000000800000000)
  region size 2048K, 21 young (43008K), 1 survivors (2048K)
 Metaspace       used 82206K, committed 83136K, reserved 1179648K
  class space    used 10886K, committed 11328K, reserved 1048576K
}
Event: 362.710 GC heap after
{Heap after GC invocations=35 (full 1):
 garbage-first heap   total 157696K, used 47545K [0x0000000740a00000, 0x0000000800000000)
  region size 2048K, 1 young (2048K), 1 survivors (2048K)
 Metaspace       used 82206K, committed 83136K, reserved 1179648K
  class space    used 10886K, committed 11328K, reserved 1048576K
}

